[2025-05-01 14:59:13] Checking out dev branch...
[2025-05-01 14:59:14] Processing workflow file: C:\dev\testing\aws-repos\aws-sdk-net-extensions-cognito\.github\workflows\aws-ci.yml
[2025-05-01 14:59:14] Processing workflow file: C:\dev\testing\aws-repos\aws-sdk-net-extensions-cognito\.github\workflows\change-file-in-pr.yml
[2025-05-01 14:59:14] Found action with version tag: actions/checkout@v3
[2025-05-01 14:59:14] Resolving commit hash for actions/checkout@v3...
[2025-05-01 14:59:14] API Request: GET repos/actions/checkout/git/refs/tags/v3
[2025-05-01 14:59:15] Resolved to commit: f43a0e5ff2bd294095638e18286ca9a3d1956744
[2025-05-01 14:59:15] Updating action from actions/checkout@v3 to actions/checkout@f43a0e5ff2bd294095638e18286ca9a3d1956744
[2025-05-01 14:59:15] Writing changes to C:\dev\testing\aws-repos\aws-sdk-net-extensions-cognito\.github\workflows\change-file-in-pr.yml
[2025-05-01 14:59:15] Processing workflow file: C:\dev\testing\aws-repos\aws-sdk-net-extensions-cognito\.github\workflows\closed-issue-message.yml
[2025-05-01 14:59:15] Found action with version tag: aws-actions/closed-issue-message@v1
[2025-05-01 14:59:15] Resolving commit hash for aws-actions/closed-issue-message@v1...
[2025-05-01 14:59:15] API Request: GET repos/aws-actions/closed-issue-message/git/refs/tags/v1
[2025-05-01 14:59:15] Found annotated tag, resolving actual commit...
[2025-05-01 14:59:15] API Request: GET repos/aws-actions/closed-issue-message/git/tags/3f5beaaa9f8095897f6d11d1b2e0234dda310ebf
[2025-05-01 14:59:16] Resolved to commit: cf797c2463fa6b95a23b2957fe075a3fa9aa8138
[2025-05-01 14:59:16] Updating action from aws-actions/closed-issue-message@v1 to aws-actions/closed-issue-message@cf797c2463fa6b95a23b2957fe075a3fa9aa8138
[2025-05-01 14:59:16] Writing changes to C:\dev\testing\aws-repos\aws-sdk-net-extensions-cognito\.github\workflows\closed-issue-message.yml
[2025-05-01 14:59:16] Processing workflow file: C:\dev\testing\aws-repos\aws-sdk-net-extensions-cognito\.github\workflows\create-release-pr.yml
[2025-05-01 14:59:16] Processing workflow file: C:\dev\testing\aws-repos\aws-sdk-net-extensions-cognito\.github\workflows\handle-stale-discussions.yml
[2025-05-01 14:59:16] Found action with version tag: aws-github-ops/handle-stale-discussions@v1
[2025-05-01 14:59:16] Resolving commit hash for aws-github-ops/handle-stale-discussions@v1...
[2025-05-01 14:59:16] API Request: GET repos/aws-github-ops/handle-stale-discussions/git/refs/tags/v1
[2025-05-01 14:59:16] Resolved to commit: 711a9813957be17629fc6933afcd8bd132c57254
[2025-05-01 14:59:16] Updating action from aws-github-ops/handle-stale-discussions@v1 to aws-github-ops/handle-stale-discussions@711a9813957be17629fc6933afcd8bd132c57254
[2025-05-01 14:59:16] Writing changes to C:\dev\testing\aws-repos\aws-sdk-net-extensions-cognito\.github\workflows\handle-stale-discussions.yml
[2025-05-01 14:59:16] Processing workflow file: C:\dev\testing\aws-repos\aws-sdk-net-extensions-cognito\.github\workflows\issue-regression-labeler.yml
[2025-05-01 14:59:16] Found action with version tag: actions/github-script@v7
[2025-05-01 14:59:16] Resolving commit hash for actions/github-script@v7...
[2025-05-01 14:59:16] API Request: GET repos/actions/github-script/git/refs/tags/v7
[2025-05-01 14:59:17] Found annotated tag, resolving actual commit...
[2025-05-01 14:59:17] API Request: GET repos/actions/github-script/git/tags/5c56fde4671bc2d3592fb0f2c5b5bab9ddae03b1
[2025-05-01 14:59:17] Resolved to commit: 60a0d83039c74a4aee543508d2ffcb1c3799cdea
[2025-05-01 14:59:17] Updating action from actions/github-script@v7 to actions/github-script@60a0d83039c74a4aee543508d2ffcb1c3799cdea
[2025-05-01 14:59:17] Writing changes to C:\dev\testing\aws-repos\aws-sdk-net-extensions-cognito\.github\workflows\issue-regression-labeler.yml
[2025-05-01 14:59:17] Processing workflow file: C:\dev\testing\aws-repos\aws-sdk-net-extensions-cognito\.github\workflows\stale_issues.yml
[2025-05-01 14:59:17] Found action with version tag: aws-actions/stale-issue-cleanup@v6
[2025-05-01 14:59:17] Resolving commit hash for aws-actions/stale-issue-cleanup@v6...
[2025-05-01 14:59:17] API Request: GET repos/aws-actions/stale-issue-cleanup/git/refs/tags/v6
[2025-05-01 14:59:18] Found annotated tag, resolving actual commit...
[2025-05-01 14:59:18] API Request: GET repos/aws-actions/stale-issue-cleanup/git/tags/2790509321bec5e987679ec8d4a021aa2cca0ca1
[2025-05-01 14:59:18] Resolved to commit: 7de35968489e4142233d2a6812519a82e68b5c38
[2025-05-01 14:59:18] Updating action from aws-actions/stale-issue-cleanup@v6 to aws-actions/stale-issue-cleanup@7de35968489e4142233d2a6812519a82e68b5c38
[2025-05-01 14:59:18] Writing changes to C:\dev\testing\aws-repos\aws-sdk-net-extensions-cognito\.github\workflows\stale_issues.yml
[2025-05-01 14:59:18] Processing workflow file: C:\dev\testing\aws-repos\aws-sdk-net-extensions-cognito\.github\workflows\sync-main-dev.yml
[2025-05-01 14:59:18] Committing changes...
